* using log directory ‘/tmp/RtmpXMgjCE/ctmmweb.Rcheck’
* using R version 4.4.2 (2024-10-31)
* using platform: x86_64-pc-linux-gnu
* R was compiled by
    gcc (Debian 12.2.0-14) 12.2.0
    GNU Fortran (Debian 12.2.0-14) 12.2.0
* running under: Debian GNU/Linux 12 (bookworm)
* using session charset: UTF-8
* using options ‘--no-manual --as-cran’
* checking for file ‘ctmmweb/DESCRIPTION’ ... OK
* checking extension type ... Package
* this is package ‘ctmmweb’ version ‘0.2.13’
* package encoding: UTF-8
* checking package namespace information ... OK
* checking package dependencies ... NOTE
Imports includes 29 non-default packages.
Importing from so many packages makes the package vulnerable to any of
them becoming unavailable.  Move as many as possible to Suggests and
use conditionally.
* checking if this is a source package ... OK
* checking if there is a namespace ... OK
* checking for executable files ... OK
* checking for hidden files and directories ... OK
* checking for portable file names ... OK
* checking for sufficient/correct file permissions ... OK
* checking serialization versions ... OK
* checking whether package ‘ctmmweb’ can be installed ... OK
* checking installed package size ... OK
* checking package directory ... OK
* checking for future file timestamps ... NOTE
unable to verify current time
* checking DESCRIPTION meta-information ... OK
* checking top-level files ... OK
* checking for left-over files ... OK
* checking index information ... OK
* checking package subdirectories ... OK
* checking code files for non-ASCII characters ... OK
* checking R files for syntax errors ... OK
* checking whether the package can be loaded ... OK
* checking whether the package can be loaded with stated dependencies ... OK
* checking whether the package can be unloaded cleanly ... OK
* checking whether the namespace can be loaded with stated dependencies ... OK
* checking whether the namespace can be unloaded cleanly ... OK
* checking loading without being on the library search path ... OK
* checking dependencies in R code ... NOTE
Namespaces in Imports field not imported from:
  ‘bit64’ ‘DT’ ‘ggrepel’ ‘grid’ ‘gridExtra’ ‘htmlwidgets’ ‘knitr’
  ‘markdown’ ‘memoise’ ‘rmarkdown’ ‘shinydashboard’ ‘terra’ ‘xml2’
  All declared Imports should be used.
* checking S3 generic/method consistency ... OK
* checking replacement functions ... OK
* checking foreign function calls ... OK
* checking R code for possible problems ... [11s/11s] NOTE
Found if() conditions comparing class() to string:
File ‘ctmmweb/R/1_ctmm_data.R’: if (class(tele) != "list") ...
File ‘ctmmweb/R/1_ctmm_data.R’: if (class(tele) != "list") ...
File ‘ctmmweb/R/5_model_summary.R’: if (class(dt[[col_name]]) == "numeric") ...
File ‘ctmmweb/R/5_vario_hrange_occurrence.R’: if (class(cl) == "try-error") ...
Use inherits() (or maybe is()) instead.
* checking Rd files ... OK
* checking Rd metadata ... OK
* checking Rd line widths ... OK
* checking Rd cross-references ... WARNING
Missing link or links in Rd file 'par_lapply.Rd':
  ‘[parallel:mcdummies]{parallel::mclapply()}’

See section 'Cross-references' in the 'Writing R Extensions' manual.
* checking for missing documentation entries ... OK
* checking for code/documentation mismatches ... OK
* checking Rd \usage sections ... OK
* checking Rd contents ... OK
* checking for unstated dependencies in examples ... OK
* checking files in ‘vignettes’ ... WARNING
Files in the 'vignettes' directory but no files in 'inst/doc':
  ‘demo.Rmd’ ‘installation.Rmd’ ‘package_usage.Rmd’
* checking examples ... OK
* checking package vignettes ... NOTE
Package has ‘vignettes’ subdirectory but apparently no vignettes.
Perhaps the ‘VignetteBuilder’ information is missing from the
DESCRIPTION file?
* checking for non-standard things in the check directory ... OK
* checking for detritus in the temp directory ... OK
* DONE
Status: 2 WARNINGs, 5 NOTEs
