* using log directory ‘/tmp/RtmpXMgjCE/pathroutr.Rcheck’
* using R version 4.4.2 (2024-10-31)
* using platform: x86_64-pc-linux-gnu
* R was compiled by
    gcc (Debian 12.2.0-14) 12.2.0
    GNU Fortran (Debian 12.2.0-14) 12.2.0
* running under: Debian GNU/Linux 12 (bookworm)
* using session charset: UTF-8
* using options ‘--no-manual --as-cran’
* checking for file ‘pathroutr/DESCRIPTION’ ... OK
* this is package ‘pathroutr’ version ‘0.2.1’
* package encoding: UTF-8
* checking package namespace information ... OK
* checking package dependencies ... OK
* checking if this is a source package ... OK
* checking if there is a namespace ... OK
* checking for executable files ... OK
* checking for hidden files and directories ... OK
* checking for portable file names ... OK
* checking for sufficient/correct file permissions ... OK
* checking whether package ‘pathroutr’ can be installed ... OK
* checking installed package size ... NOTE
  installed size is  5.8Mb
  sub-directories of 1Mb or more:
    data   4.8Mb
* checking package directory ... OK
* checking for future file timestamps ... NOTE
unable to verify current time
* checking ‘build’ directory ... OK
* checking DESCRIPTION meta-information ... OK
* checking top-level files ... OK
* checking for left-over files ... OK
* checking index information ... OK
* checking package subdirectories ... OK
* checking code files for non-ASCII characters ... OK
* checking R files for syntax errors ... OK
* checking whether the package can be loaded ... OK
* checking whether the package can be loaded with stated dependencies ... OK
* checking whether the package can be unloaded cleanly ... OK
* checking whether the namespace can be loaded with stated dependencies ... OK
* checking whether the namespace can be unloaded cleanly ... OK
* checking loading without being on the library search path ... OK
* checking dependencies in R code ... OK
* checking S3 generic/method consistency ... OK
* checking replacement functions ... OK
* checking foreign function calls ... OK
* checking R code for possible problems ... NOTE
get_barrier_segments: no visible global function definition for
  ‘st_geometry’
prt_extend_path: no visible global function definition for ‘st_combine’
prt_extend_path: no visible global function definition for ‘st_cast’
prt_extend_path: no visible global function definition for ‘st_sf’
prt_extend_path: no visible global function definition for ‘summarise’
prt_extend_path: no visible global function definition for
  ‘st_line_merge’
prt_extend_path: no visible global function definition for
  ‘st_geometry’
prt_nearestnode: no visible global function definition for ‘ungroup’
prt_nearestnode: no visible binding for global variable ‘.’
prt_reroute: no visible global function definition for ‘st_geometry’
prt_shortpath : <anonymous>: no visible global function definition for
  ‘as_tibble’
prt_shortpath: no visible global function definition for ‘mutate’
prt_shortpath: no visible global function definition for ‘st_sfc’
prt_trim: no visible global function definition for ‘st_geometry’
prt_visgraph: no visible global function definition for ‘st_geometry’
prt_visgraph: no visible global function definition for ‘st_intersects’
prt_visgraph: no visible global function definition for ‘st_buffer’
Undefined global functions or variables:
  . as_tibble mutate st_buffer st_cast st_combine st_geometry
  st_intersects st_line_merge st_sf st_sfc summarise ungroup
* checking Rd files ... NOTE
prepare_Rd: prt_trim.Rd:18-20: Dropping empty section \value
* checking Rd metadata ... OK
* checking Rd line widths ... OK
* checking Rd cross-references ... OK
* checking for missing documentation entries ... OK
* checking for code/documentation mismatches ... OK
* checking Rd \usage sections ... OK
* checking Rd contents ... OK
* checking for unstated dependencies in examples ... OK
* checking contents of ‘data’ directory ... OK
* checking data for non-ASCII characters ... OK
* checking LazyData ... OK
* checking data for ASCII and uncompressed saves ... OK
* checking installed files from ‘inst/doc’ ... OK
* checking files in ‘vignettes’ ... OK
* checking examples ... NONE
* checking for unstated dependencies in vignettes ... OK
* checking package vignettes ... OK
* checking re-building of vignette outputs ... [286s/286s] OK
* checking for non-standard things in the check directory ... OK
* checking for detritus in the temp directory ... OK
* DONE
Status: 4 NOTEs
