* using log directory ‘/tmp/RtmpXMgjCE/SGAT.Rcheck’
* using R version 4.4.2 (2024-10-31)
* using platform: x86_64-pc-linux-gnu
* R was compiled by
    gcc (Debian 12.2.0-14) 12.2.0
    GNU Fortran (Debian 12.2.0-14) 12.2.0
* running under: Debian GNU/Linux 12 (bookworm)
* using session charset: UTF-8
* using options ‘--no-manual --as-cran’
* checking for file ‘SGAT/DESCRIPTION’ ... OK
* checking extension type ... Package
* this is package ‘SGAT’ version ‘0.1.3’
* package encoding: UTF-8
* checking package namespace information ... OK
* checking package dependencies ... NOTE
Packages suggested but not available for checking: 'maptools', 'rgdal'
* checking if this is a source package ... OK
* checking if there is a namespace ... OK
* checking for executable files ... OK
* checking for hidden files and directories ... OK
* checking for portable file names ... OK
* checking for sufficient/correct file permissions ... OK
* checking serialization versions ... OK
* checking whether package ‘SGAT’ can be installed ... OK
* checking installed package size ... OK
* checking package directory ... OK
* checking for future file timestamps ... NOTE
unable to verify current time
* checking DESCRIPTION meta-information ... OK
* checking top-level files ... OK
* checking for left-over files ... OK
* checking index information ... OK
* checking package subdirectories ... OK
* checking code files for non-ASCII characters ... OK
* checking R files for syntax errors ... OK
* checking whether the package can be loaded ... OK
* checking whether the package can be loaded with stated dependencies ... OK
* checking whether the package can be unloaded cleanly ... OK
* checking whether the namespace can be loaded with stated dependencies ... OK
* checking whether the namespace can be unloaded cleanly ... OK
* checking loading without being on the library search path ... OK
* checking dependencies in R code ... OK
* checking S3 generic/method consistency ... OK
* checking replacement functions ... OK
* checking foreign function calls ... OK
* checking R code for possible problems ... OK
* checking Rd files ... NOTE
checkRd: (-1) SGAT2Movebank.Rd:23: Lost braces
    23 | code{group[k]==j} then the k-th twilight occurs at location j. Default is \code{NULL} for non-grouped models.}
       |     ^
checkRd: (-1) thresholdModel.Rd:104: Lost braces
   104 | code{group[k]==j} then the k-th twilight occurs at location j.}
       |     ^
* checking Rd metadata ... OK
* checking Rd line widths ... OK
* checking Rd cross-references ... OK
* checking for missing documentation entries ... OK
* checking for code/documentation mismatches ... OK
* checking Rd \usage sections ... OK
* checking Rd contents ... OK
* checking for unstated dependencies in examples ... OK
* checking contents of ‘data’ directory ... OK
* checking data for non-ASCII characters ... OK
* checking LazyData ... OK
* checking data for ASCII and uncompressed saves ... OK
* checking examples ... OK
* checking for non-standard things in the check directory ... OK
* checking for detritus in the temp directory ... OK
* DONE
Status: 3 NOTEs
