* using log directory ‘/tmp/RtmpXMgjCE/TwilightFree.Rcheck’
* using R version 4.4.2 (2024-10-31)
* using platform: x86_64-pc-linux-gnu
* R was compiled by
    gcc (Debian 12.2.0-14) 12.2.0
    GNU Fortran (Debian 12.2.0-14) 12.2.0
* running under: Debian GNU/Linux 12 (bookworm)
* using session charset: UTF-8
* using options ‘--no-manual --as-cran’
* checking for file ‘TwilightFree/DESCRIPTION’ ... OK
* checking extension type ... Package
* this is package ‘TwilightFree’ version ‘0.1.1’
* package encoding: UTF-8
* checking package namespace information ... OK
* checking package dependencies ... ERROR
Package required but not available: ‘maptools’

See section ‘The DESCRIPTION file’ in the ‘Writing R Extensions’
manual.
* DONE
Status: 1 ERROR
